The system is: Darwin - 20.5.0 - x86_64
Compiling the C compiler identification source file "CMakeCCompilerId.c" succeeded.
Compiler: /Library/Developer/CommandLineTools/usr/bin/cc 
Build flags: 
Id flags: -c 

The output was:
0


Compilation of the C compiler identification source "CMakeCCompilerId.c" produced "CMakeCCompilerId.o"

The C compiler identification is AppleClang, found in "/Users/bhopro/Desktop/Berkeley/MSOL/Projects/initializeParticlesCPP/cmake-build-debug/CMakeFiles/3.19.2/CompilerIdC/CMakeCCompilerId.o"

Compiling the CXX compiler identification source file "CMakeCXXCompilerId.cpp" succeeded.
Compiler: /Library/Developer/CommandLineTools/usr/bin/c++ 
Build flags: 
Id flags: -c 

The output was:
0


Compilation of the CXX compiler identification source "CMakeCXXCompilerId.cpp" produced "CMakeCXXCompilerId.o"

The CXX compiler identification is AppleClang, found in "/Users/bhopro/Desktop/Berkeley/MSOL/Projects/initializeParticlesCPP/cmake-build-debug/CMakeFiles/3.19.2/CompilerIdCXX/CMakeCXXCompilerId.o"

Detecting C compiler ABI info compiled with the following output:
Change Dir: /Users/bhopro/Desktop/Berkeley/MSOL/Projects/initializeParticlesCPP/cmake-build-debug/CMakeFiles/CMakeTmp

Run Build Command(s):/usr/bin/make cmTC_6977b/fast && /Library/Developer/CommandLineTools/usr/bin/make  -f CMakeFiles/cmTC_6977b.dir/build.make CMakeFiles/cmTC_6977b.dir/build
Building C object CMakeFiles/cmTC_6977b.dir/CMakeCCompilerABI.c.o
/Library/Developer/CommandLineTools/usr/bin/cc   -isysroot /Library/Developer/CommandLineTools/SDKs/MacOSX10.15.sdk   -v -Wl,-v -o CMakeFiles/cmTC_6977b.dir/CMakeCCompilerABI.c.o -c /Applications/CLion.app/Contents/bin/cmake/mac/share/cmake-3.19/Modules/CMakeCCompilerABI.c
Apple clang version 11.0.0 (clang-1100.0.33.16)
Target: x86_64-apple-darwin20.5.0
Thread model: posix
InstalledDir: /Library/Developer/CommandLineTools/usr/bin
clang: warning: -Wl,-v: 'linker' input unused [-Wunused-command-line-argument]
 "/Library/Developer/CommandLineTools/usr/bin/clang" -cc1 -triple x86_64-apple-macosx10.15.0 -Wdeprecated-objc-isa-usage -Werror=deprecated-objc-isa-usage -emit-obj -mrelax-all -disable-free -disable-llvm-verifier -discard-value-names -main-file-name CMakeCCompilerABI.c -mrelocation-model pic -pic-level 2 -mthread-model posix -mdisable-fp-elim -fno-strict-return -masm-verbose -munwind-tables -target-sdk-version=10.15 -target-cpu penryn -dwarf-column-info -debugger-tuning=lldb -ggnu-pubnames -target-linker-version 530 -v -coverage-notes-file /Users/bhopro/Desktop/Berkeley/MSOL/Projects/initializeParticlesCPP/cmake-build-debug/CMakeFiles/CMakeTmp/CMakeFiles/cmTC_6977b.dir/CMakeCCompilerABI.c.gcno -resource-dir /Library/Developer/CommandLineTools/usr/lib/clang/11.0.0 -isysroot /Library/Developer/CommandLineTools/SDKs/MacOSX10.15.sdk -I/opt/intel/oneapi/tbb/2021.3.0/env/../include -I/opt/intel/oneapi/mkl/2021.3.0/include -I/opt/intel/oneapi/ippcp/2021.3.0/include -I/opt/intel/oneapi/ipp/2021.3.0/include -I/opt/intel/oneapi/dnnl/2021.3.0/cpu_iomp/lib -I/opt/intel/oneapi/dev-utilities/2021.3.0/include -I/opt/intel/oneapi/dal/2021.3.0/include -Wno-framework-include-private-from-public -Wno-atimport-in-framework-header -Wno-extra-semi-stmt -Wno-quoted-include-in-framework-header -fdebug-compilation-dir /Users/bhopro/Desktop/Berkeley/MSOL/Projects/initializeParticlesCPP/cmake-build-debug/CMakeFiles/CMakeTmp -ferror-limit 19 -fmessage-length 0 -stack-protector 1 -fstack-check -mdarwin-stkchk-strong-link -fblocks -fencode-extended-block-signature -fregister-global-dtors-with-atexit -fobjc-runtime=macosx-10.15.0 -fmax-type-align=16 -fdiagnostics-show-option -o CMakeFiles/cmTC_6977b.dir/CMakeCCompilerABI.c.o -x c /Applications/CLion.app/Contents/bin/cmake/mac/share/cmake-3.19/Modules/CMakeCCompilerABI.c
clang -cc1 version 11.0.0 (clang-1100.0.33.16) default target x86_64-apple-darwin20.5.0
ignoring nonexistent directory "/Library/Developer/CommandLineTools/SDKs/MacOSX10.15.sdk/usr/local/include"
ignoring nonexistent directory "/Library/Developer/CommandLineTools/SDKs/MacOSX10.15.sdk/Library/Frameworks"
#include "..." search starts here:
#include <...> search starts here:
 /opt/intel/oneapi/tbb/2021.3.0/env/../include
 /opt/intel/oneapi/mkl/2021.3.0/include
 /opt/intel/oneapi/ippcp/2021.3.0/include
 /opt/intel/oneapi/ipp/2021.3.0/include
 /opt/intel/oneapi/dnnl/2021.3.0/cpu_iomp/lib
 /opt/intel/oneapi/dev-utilities/2021.3.0/include
 /opt/intel/oneapi/dal/2021.3.0/include
 /Library/Developer/CommandLineTools/usr/lib/clang/11.0.0/include
 /Library/Developer/CommandLineTools/usr/include
 /Library/Developer/CommandLineTools/SDKs/MacOSX10.15.sdk/usr/include
 /Library/Developer/CommandLineTools/SDKs/MacOSX10.15.sdk/System/Library/Frameworks (framework directory)
End of search list.
Linking C executable cmTC_6977b
/Applications/CLion.app/Contents/bin/cmake/mac/bin/cmake -E cmake_link_script CMakeFiles/cmTC_6977b.dir/link.txt --verbose=1
/Library/Developer/CommandLineTools/usr/bin/cc  -isysroot /Library/Developer/CommandLineTools/SDKs/MacOSX10.15.sdk -Wl,-search_paths_first -Wl,-headerpad_max_install_names  -v -Wl,-v CMakeFiles/cmTC_6977b.dir/CMakeCCompilerABI.c.o -o cmTC_6977b 
Apple clang version 11.0.0 (clang-1100.0.33.16)
Target: x86_64-apple-darwin20.5.0
Thread model: posix
InstalledDir: /Library/Developer/CommandLineTools/usr/bin
 "/Library/Developer/CommandLineTools/usr/bin/ld" -demangle -lto_library /Library/Developer/CommandLineTools/usr/lib/libLTO.dylib -dynamic -arch x86_64 -macosx_version_min 10.15.0 -syslibroot /Library/Developer/CommandLineTools/SDKs/MacOSX10.15.sdk -o cmTC_6977b -search_paths_first -headerpad_max_install_names -v CMakeFiles/cmTC_6977b.dir/CMakeCCompilerABI.c.o -L/opt/intel/oneapi/tbb/2021.3.0/env/../lib -L/opt/intel/oneapi/mkl/2021.3.0/lib -L/opt/intel/oneapi/ippcp/2021.3.0/lib -L/opt/intel/oneapi/ipp/2021.3.0/lib -L/opt/intel/oneapi/dnnl/2021.3.0/cpu_iomp/lib -L/opt/intel/oneapi/dal/2021.3.0/lib -lSystem /Library/Developer/CommandLineTools/usr/lib/clang/11.0.0/lib/darwin/libclang_rt.osx.a
@(#)PROGRAM:ld  PROJECT:ld64-530
BUILD 03:01:58 Nov 15 2019
configured to support archs: armv6 armv7 armv7s arm64 arm64e arm64_32 i386 x86_64 x86_64h armv6m armv7k armv7m armv7em
Library search paths:
	/opt/intel/oneapi/tbb/2021.3.0/lib
	/opt/intel/oneapi/mkl/2021.3.0/lib
	/opt/intel/oneapi/ippcp/2021.3.0/lib
	/opt/intel/oneapi/ipp/2021.3.0/lib
	/opt/intel/oneapi/dnnl/2021.3.0/cpu_iomp/lib
	/opt/intel/oneapi/dal/2021.3.0/lib
	/Library/Developer/CommandLineTools/SDKs/MacOSX10.15.sdk/usr/lib
Framework search paths:
	/Library/Developer/CommandLineTools/SDKs/MacOSX10.15.sdk/System/Library/Frameworks/



Parsed C implicit include dir info from above output: rv=done
  found start of include info
  found start of implicit include info
    add: [/opt/intel/oneapi/tbb/2021.3.0/env/../include]
    add: [/opt/intel/oneapi/mkl/2021.3.0/include]
    add: [/opt/intel/oneapi/ippcp/2021.3.0/include]
    add: [/opt/intel/oneapi/ipp/2021.3.0/include]
    add: [/opt/intel/oneapi/dnnl/2021.3.0/cpu_iomp/lib]
    add: [/opt/intel/oneapi/dev-utilities/2021.3.0/include]
    add: [/opt/intel/oneapi/dal/2021.3.0/include]
    add: [/Library/Developer/CommandLineTools/usr/lib/clang/11.0.0/include]
    add: [/Library/Developer/CommandLineTools/usr/include]
    add: [/Library/Developer/CommandLineTools/SDKs/MacOSX10.15.sdk/usr/include]
  end of search list found
  collapse include dir [/opt/intel/oneapi/tbb/2021.3.0/env/../include] ==> [/opt/intel/oneapi/tbb/2021.3.0/include]
  collapse include dir [/opt/intel/oneapi/mkl/2021.3.0/include] ==> [/opt/intel/oneapi/mkl/2021.3.0/include]
  collapse include dir [/opt/intel/oneapi/ippcp/2021.3.0/include] ==> [/opt/intel/oneapi/ippcp/2021.3.0/include]
  collapse include dir [/opt/intel/oneapi/ipp/2021.3.0/include] ==> [/opt/intel/oneapi/ipp/2021.3.0/include]
  collapse include dir [/opt/intel/oneapi/dnnl/2021.3.0/cpu_iomp/lib] ==> [/opt/intel/oneapi/dnnl/2021.3.0/cpu_iomp/lib]
  collapse include dir [/opt/intel/oneapi/dev-utilities/2021.3.0/include] ==> [/opt/intel/oneapi/dev-utilities/2021.3.0/include]
  collapse include dir [/opt/intel/oneapi/dal/2021.3.0/include] ==> [/opt/intel/oneapi/dal/2021.3.0/include]
  collapse include dir [/Library/Developer/CommandLineTools/usr/lib/clang/11.0.0/include] ==> [/Library/Developer/CommandLineTools/usr/lib/clang/11.0.0/include]
  collapse include dir [/Library/Developer/CommandLineTools/usr/include] ==> [/Library/Developer/CommandLineTools/usr/include]
  collapse include dir [/Library/Developer/CommandLineTools/SDKs/MacOSX10.15.sdk/usr/include] ==> [/Library/Developer/CommandLineTools/SDKs/MacOSX10.15.sdk/usr/include]
  implicit include dirs: [/opt/intel/oneapi/tbb/2021.3.0/include;/opt/intel/oneapi/mkl/2021.3.0/include;/opt/intel/oneapi/ippcp/2021.3.0/include;/opt/intel/oneapi/ipp/2021.3.0/include;/opt/intel/oneapi/dnnl/2021.3.0/cpu_iomp/lib;/opt/intel/oneapi/dev-utilities/2021.3.0/include;/opt/intel/oneapi/dal/2021.3.0/include;/Library/Developer/CommandLineTools/usr/lib/clang/11.0.0/include;/Library/Developer/CommandLineTools/usr/include;/Library/Developer/CommandLineTools/SDKs/MacOSX10.15.sdk/usr/include]


Parsed C implicit link information from above output:
  link line regex: [^( *|.*[/\])(ld|CMAKE_LINK_STARTFILE-NOTFOUND|([^/\]+-)?ld|collect2)[^/\]*( |$)]
  ignore line: [Change Dir: /Users/bhopro/Desktop/Berkeley/MSOL/Projects/initializeParticlesCPP/cmake-build-debug/CMakeFiles/CMakeTmp]
  ignore line: []
  ignore line: [Run Build Command(s):/usr/bin/make cmTC_6977b/fast && /Library/Developer/CommandLineTools/usr/bin/make  -f CMakeFiles/cmTC_6977b.dir/build.make CMakeFiles/cmTC_6977b.dir/build]
  ignore line: [Building C object CMakeFiles/cmTC_6977b.dir/CMakeCCompilerABI.c.o]
  ignore line: [/Library/Developer/CommandLineTools/usr/bin/cc   -isysroot /Library/Developer/CommandLineTools/SDKs/MacOSX10.15.sdk   -v -Wl -v -o CMakeFiles/cmTC_6977b.dir/CMakeCCompilerABI.c.o -c /Applications/CLion.app/Contents/bin/cmake/mac/share/cmake-3.19/Modules/CMakeCCompilerABI.c]
  ignore line: [Apple clang version 11.0.0 (clang-1100.0.33.16)]
  ignore line: [Target: x86_64-apple-darwin20.5.0]
  ignore line: [Thread model: posix]
  ignore line: [InstalledDir: /Library/Developer/CommandLineTools/usr/bin]
  ignore line: [clang: warning: -Wl -v: 'linker' input unused [-Wunused-command-line-argument]]
  ignore line: [ "/Library/Developer/CommandLineTools/usr/bin/clang" -cc1 -triple x86_64-apple-macosx10.15.0 -Wdeprecated-objc-isa-usage -Werror=deprecated-objc-isa-usage -emit-obj -mrelax-all -disable-free -disable-llvm-verifier -discard-value-names -main-file-name CMakeCCompilerABI.c -mrelocation-model pic -pic-level 2 -mthread-model posix -mdisable-fp-elim -fno-strict-return -masm-verbose -munwind-tables -target-sdk-version=10.15 -target-cpu penryn -dwarf-column-info -debugger-tuning=lldb -ggnu-pubnames -target-linker-version 530 -v -coverage-notes-file /Users/bhopro/Desktop/Berkeley/MSOL/Projects/initializeParticlesCPP/cmake-build-debug/CMakeFiles/CMakeTmp/CMakeFiles/cmTC_6977b.dir/CMakeCCompilerABI.c.gcno -resource-dir /Library/Developer/CommandLineTools/usr/lib/clang/11.0.0 -isysroot /Library/Developer/CommandLineTools/SDKs/MacOSX10.15.sdk -I/opt/intel/oneapi/tbb/2021.3.0/env/../include -I/opt/intel/oneapi/mkl/2021.3.0/include -I/opt/intel/oneapi/ippcp/2021.3.0/include -I/opt/intel/oneapi/ipp/2021.3.0/include -I/opt/intel/oneapi/dnnl/2021.3.0/cpu_iomp/lib -I/opt/intel/oneapi/dev-utilities/2021.3.0/include -I/opt/intel/oneapi/dal/2021.3.0/include -Wno-framework-include-private-from-public -Wno-atimport-in-framework-header -Wno-extra-semi-stmt -Wno-quoted-include-in-framework-header -fdebug-compilation-dir /Users/bhopro/Desktop/Berkeley/MSOL/Projects/initializeParticlesCPP/cmake-build-debug/CMakeFiles/CMakeTmp -ferror-limit 19 -fmessage-length 0 -stack-protector 1 -fstack-check -mdarwin-stkchk-strong-link -fblocks -fencode-extended-block-signature -fregister-global-dtors-with-atexit -fobjc-runtime=macosx-10.15.0 -fmax-type-align=16 -fdiagnostics-show-option -o CMakeFiles/cmTC_6977b.dir/CMakeCCompilerABI.c.o -x c /Applications/CLion.app/Contents/bin/cmake/mac/share/cmake-3.19/Modules/CMakeCCompilerABI.c]
  ignore line: [clang -cc1 version 11.0.0 (clang-1100.0.33.16) default target x86_64-apple-darwin20.5.0]
  ignore line: [ignoring nonexistent directory "/Library/Developer/CommandLineTools/SDKs/MacOSX10.15.sdk/usr/local/include"]
  ignore line: [ignoring nonexistent directory "/Library/Developer/CommandLineTools/SDKs/MacOSX10.15.sdk/Library/Frameworks"]
  ignore line: [#include "..." search starts here:]
  ignore line: [#include <...> search starts here:]
  ignore line: [ /opt/intel/oneapi/tbb/2021.3.0/env/../include]
  ignore line: [ /opt/intel/oneapi/mkl/2021.3.0/include]
  ignore line: [ /opt/intel/oneapi/ippcp/2021.3.0/include]
  ignore line: [ /opt/intel/oneapi/ipp/2021.3.0/include]
  ignore line: [ /opt/intel/oneapi/dnnl/2021.3.0/cpu_iomp/lib]
  ignore line: [ /opt/intel/oneapi/dev-utilities/2021.3.0/include]
  ignore line: [ /opt/intel/oneapi/dal/2021.3.0/include]
  ignore line: [ /Library/Developer/CommandLineTools/usr/lib/clang/11.0.0/include]
  ignore line: [ /Library/Developer/CommandLineTools/usr/include]
  ignore line: [ /Library/Developer/CommandLineTools/SDKs/MacOSX10.15.sdk/usr/include]
  ignore line: [ /Library/Developer/CommandLineTools/SDKs/MacOSX10.15.sdk/System/Library/Frameworks (framework directory)]
  ignore line: [End of search list.]
  ignore line: [Linking C executable cmTC_6977b]
  ignore line: [/Applications/CLion.app/Contents/bin/cmake/mac/bin/cmake -E cmake_link_script CMakeFiles/cmTC_6977b.dir/link.txt --verbose=1]
  ignore line: [/Library/Developer/CommandLineTools/usr/bin/cc  -isysroot /Library/Developer/CommandLineTools/SDKs/MacOSX10.15.sdk -Wl -search_paths_first -Wl -headerpad_max_install_names  -v -Wl -v CMakeFiles/cmTC_6977b.dir/CMakeCCompilerABI.c.o -o cmTC_6977b ]
  ignore line: [Apple clang version 11.0.0 (clang-1100.0.33.16)]
  ignore line: [Target: x86_64-apple-darwin20.5.0]
  ignore line: [Thread model: posix]
  ignore line: [InstalledDir: /Library/Developer/CommandLineTools/usr/bin]
  link line: [ "/Library/Developer/CommandLineTools/usr/bin/ld" -demangle -lto_library /Library/Developer/CommandLineTools/usr/lib/libLTO.dylib -dynamic -arch x86_64 -macosx_version_min 10.15.0 -syslibroot /Library/Developer/CommandLineTools/SDKs/MacOSX10.15.sdk -o cmTC_6977b -search_paths_first -headerpad_max_install_names -v CMakeFiles/cmTC_6977b.dir/CMakeCCompilerABI.c.o -L/opt/intel/oneapi/tbb/2021.3.0/env/../lib -L/opt/intel/oneapi/mkl/2021.3.0/lib -L/opt/intel/oneapi/ippcp/2021.3.0/lib -L/opt/intel/oneapi/ipp/2021.3.0/lib -L/opt/intel/oneapi/dnnl/2021.3.0/cpu_iomp/lib -L/opt/intel/oneapi/dal/2021.3.0/lib -lSystem /Library/Developer/CommandLineTools/usr/lib/clang/11.0.0/lib/darwin/libclang_rt.osx.a]
    arg [/Library/Developer/CommandLineTools/usr/bin/ld] ==> ignore
    arg [-demangle] ==> ignore
    arg [-lto_library] ==> ignore, skip following value
    arg [/Library/Developer/CommandLineTools/usr/lib/libLTO.dylib] ==> skip value of -lto_library
    arg [-dynamic] ==> ignore
    arg [-arch] ==> ignore
    arg [x86_64] ==> ignore
    arg [-macosx_version_min] ==> ignore
    arg [10.15.0] ==> ignore
    arg [-syslibroot] ==> ignore
    arg [/Library/Developer/CommandLineTools/SDKs/MacOSX10.15.sdk] ==> ignore
    arg [-o] ==> ignore
    arg [cmTC_6977b] ==> ignore
    arg [-search_paths_first] ==> ignore
    arg [-headerpad_max_install_names] ==> ignore
    arg [-v] ==> ignore
    arg [CMakeFiles/cmTC_6977b.dir/CMakeCCompilerABI.c.o] ==> ignore
    arg [-L/opt/intel/oneapi/tbb/2021.3.0/env/../lib] ==> dir [/opt/intel/oneapi/tbb/2021.3.0/env/../lib]
    arg [-L/opt/intel/oneapi/mkl/2021.3.0/lib] ==> dir [/opt/intel/oneapi/mkl/2021.3.0/lib]
    arg [-L/opt/intel/oneapi/ippcp/2021.3.0/lib] ==> dir [/opt/intel/oneapi/ippcp/2021.3.0/lib]
    arg [-L/opt/intel/oneapi/ipp/2021.3.0/lib] ==> dir [/opt/intel/oneapi/ipp/2021.3.0/lib]
    arg [-L/opt/intel/oneapi/dnnl/2021.3.0/cpu_iomp/lib] ==> dir [/opt/intel/oneapi/dnnl/2021.3.0/cpu_iomp/lib]
    arg [-L/opt/intel/oneapi/dal/2021.3.0/lib] ==> dir [/opt/intel/oneapi/dal/2021.3.0/lib]
    arg [-lSystem] ==> lib [System]
    arg [/Library/Developer/CommandLineTools/usr/lib/clang/11.0.0/lib/darwin/libclang_rt.osx.a] ==> lib [/Library/Developer/CommandLineTools/usr/lib/clang/11.0.0/lib/darwin/libclang_rt.osx.a]
  Library search paths: [;/opt/intel/oneapi/tbb/2021.3.0/lib;/opt/intel/oneapi/mkl/2021.3.0/lib;/opt/intel/oneapi/ippcp/2021.3.0/lib;/opt/intel/oneapi/ipp/2021.3.0/lib;/opt/intel/oneapi/dnnl/2021.3.0/cpu_iomp/lib;/opt/intel/oneapi/dal/2021.3.0/lib;/Library/Developer/CommandLineTools/SDKs/MacOSX10.15.sdk/usr/lib]
  Framework search paths: [;/Library/Developer/CommandLineTools/SDKs/MacOSX10.15.sdk/System/Library/Frameworks/]
  remove lib [System]
  remove lib [/Library/Developer/CommandLineTools/usr/lib/clang/11.0.0/lib/darwin/libclang_rt.osx.a]
  collapse library dir [/opt/intel/oneapi/tbb/2021.3.0/env/../lib] ==> [/opt/intel/oneapi/tbb/2021.3.0/lib]
  collapse library dir [/opt/intel/oneapi/mkl/2021.3.0/lib] ==> [/opt/intel/oneapi/mkl/2021.3.0/lib]
  collapse library dir [/opt/intel/oneapi/ippcp/2021.3.0/lib] ==> [/opt/intel/oneapi/ippcp/2021.3.0/lib]
  collapse library dir [/opt/intel/oneapi/ipp/2021.3.0/lib] ==> [/opt/intel/oneapi/ipp/2021.3.0/lib]
  collapse library dir [/opt/intel/oneapi/dnnl/2021.3.0/cpu_iomp/lib] ==> [/opt/intel/oneapi/dnnl/2021.3.0/cpu_iomp/lib]
  collapse library dir [/opt/intel/oneapi/dal/2021.3.0/lib] ==> [/opt/intel/oneapi/dal/2021.3.0/lib]
  collapse library dir [/opt/intel/oneapi/tbb/2021.3.0/lib] ==> [/opt/intel/oneapi/tbb/2021.3.0/lib]
  collapse library dir [/opt/intel/oneapi/mkl/2021.3.0/lib] ==> [/opt/intel/oneapi/mkl/2021.3.0/lib]
  collapse library dir [/opt/intel/oneapi/ippcp/2021.3.0/lib] ==> [/opt/intel/oneapi/ippcp/2021.3.0/lib]
  collapse library dir [/opt/intel/oneapi/ipp/2021.3.0/lib] ==> [/opt/intel/oneapi/ipp/2021.3.0/lib]
  collapse library dir [/opt/intel/oneapi/dnnl/2021.3.0/cpu_iomp/lib] ==> [/opt/intel/oneapi/dnnl/2021.3.0/cpu_iomp/lib]
  collapse library dir [/opt/intel/oneapi/dal/2021.3.0/lib] ==> [/opt/intel/oneapi/dal/2021.3.0/lib]
  collapse library dir [/Library/Developer/CommandLineTools/SDKs/MacOSX10.15.sdk/usr/lib] ==> [/Library/Developer/CommandLineTools/SDKs/MacOSX10.15.sdk/usr/lib]
  collapse framework dir [/Library/Developer/CommandLineTools/SDKs/MacOSX10.15.sdk/System/Library/Frameworks/] ==> [/Library/Developer/CommandLineTools/SDKs/MacOSX10.15.sdk/System/Library/Frameworks]
  implicit libs: []
  implicit dirs: [/opt/intel/oneapi/tbb/2021.3.0/lib;/opt/intel/oneapi/mkl/2021.3.0/lib;/opt/intel/oneapi/ippcp/2021.3.0/lib;/opt/intel/oneapi/ipp/2021.3.0/lib;/opt/intel/oneapi/dnnl/2021.3.0/cpu_iomp/lib;/opt/intel/oneapi/dal/2021.3.0/lib;/Library/Developer/CommandLineTools/SDKs/MacOSX10.15.sdk/usr/lib]
  implicit fwks: [/Library/Developer/CommandLineTools/SDKs/MacOSX10.15.sdk/System/Library/Frameworks]


Detecting CXX compiler ABI info compiled with the following output:
Change Dir: /Users/bhopro/Desktop/Berkeley/MSOL/Projects/initializeParticlesCPP/cmake-build-debug/CMakeFiles/CMakeTmp

Run Build Command(s):/usr/bin/make cmTC_2068f/fast && /Library/Developer/CommandLineTools/usr/bin/make  -f CMakeFiles/cmTC_2068f.dir/build.make CMakeFiles/cmTC_2068f.dir/build
Building CXX object CMakeFiles/cmTC_2068f.dir/CMakeCXXCompilerABI.cpp.o
/Library/Developer/CommandLineTools/usr/bin/c++   -isysroot /Library/Developer/CommandLineTools/SDKs/MacOSX10.15.sdk   -v -Wl,-v -o CMakeFiles/cmTC_2068f.dir/CMakeCXXCompilerABI.cpp.o -c /Applications/CLion.app/Contents/bin/cmake/mac/share/cmake-3.19/Modules/CMakeCXXCompilerABI.cpp
Apple clang version 11.0.0 (clang-1100.0.33.16)
Target: x86_64-apple-darwin20.5.0
Thread model: posix
InstalledDir: /Library/Developer/CommandLineTools/usr/bin
clang: warning: -Wl,-v: 'linker' input unused [-Wunused-command-line-argument]
 "/Library/Developer/CommandLineTools/usr/bin/clang" -cc1 -triple x86_64-apple-macosx10.15.0 -Wdeprecated-objc-isa-usage -Werror=deprecated-objc-isa-usage -emit-obj -mrelax-all -disable-free -disable-llvm-verifier -discard-value-names -main-file-name CMakeCXXCompilerABI.cpp -mrelocation-model pic -pic-level 2 -mthread-model posix -mdisable-fp-elim -fno-strict-return -masm-verbose -munwind-tables -target-sdk-version=10.15 -target-cpu penryn -dwarf-column-info -debugger-tuning=lldb -ggnu-pubnames -target-linker-version 530 -v -coverage-notes-file /Users/bhopro/Desktop/Berkeley/MSOL/Projects/initializeParticlesCPP/cmake-build-debug/CMakeFiles/CMakeTmp/CMakeFiles/cmTC_2068f.dir/CMakeCXXCompilerABI.cpp.gcno -resource-dir /Library/Developer/CommandLineTools/usr/lib/clang/11.0.0 -isysroot /Library/Developer/CommandLineTools/SDKs/MacOSX10.15.sdk -I/opt/intel/oneapi/tbb/2021.3.0/env/../include -I/opt/intel/oneapi/mkl/2021.3.0/include -I/opt/intel/oneapi/ippcp/2021.3.0/include -I/opt/intel/oneapi/ipp/2021.3.0/include -I/opt/intel/oneapi/dnnl/2021.3.0/cpu_iomp/lib -I/opt/intel/oneapi/dev-utilities/2021.3.0/include -I/opt/intel/oneapi/dal/2021.3.0/include -stdlib=libc++ -internal-isystem /Library/Developer/CommandLineTools/usr/bin/../include/c++/v1 -Wno-framework-include-private-from-public -Wno-atimport-in-framework-header -Wno-extra-semi-stmt -Wno-quoted-include-in-framework-header -fdeprecated-macro -fdebug-compilation-dir /Users/bhopro/Desktop/Berkeley/MSOL/Projects/initializeParticlesCPP/cmake-build-debug/CMakeFiles/CMakeTmp -ferror-limit 19 -fmessage-length 0 -stack-protector 1 -fstack-check -mdarwin-stkchk-strong-link -fblocks -fencode-extended-block-signature -fregister-global-dtors-with-atexit -fobjc-runtime=macosx-10.15.0 -fcxx-exceptions -fexceptions -fmax-type-align=16 -fdiagnostics-show-option -o CMakeFiles/cmTC_2068f.dir/CMakeCXXCompilerABI.cpp.o -x c++ /Applications/CLion.app/Contents/bin/cmake/mac/share/cmake-3.19/Modules/CMakeCXXCompilerABI.cpp
clang -cc1 version 11.0.0 (clang-1100.0.33.16) default target x86_64-apple-darwin20.5.0
ignoring nonexistent directory "/Library/Developer/CommandLineTools/SDKs/MacOSX10.15.sdk/usr/include/c++/v1"
ignoring nonexistent directory "/Library/Developer/CommandLineTools/SDKs/MacOSX10.15.sdk/usr/local/include"
ignoring nonexistent directory "/Library/Developer/CommandLineTools/SDKs/MacOSX10.15.sdk/Library/Frameworks"
#include "..." search starts here:
#include <...> search starts here:
 /opt/intel/oneapi/tbb/2021.3.0/env/../include
 /opt/intel/oneapi/mkl/2021.3.0/include
 /opt/intel/oneapi/ippcp/2021.3.0/include
 /opt/intel/oneapi/ipp/2021.3.0/include
 /opt/intel/oneapi/dnnl/2021.3.0/cpu_iomp/lib
 /opt/intel/oneapi/dev-utilities/2021.3.0/include
 /opt/intel/oneapi/dal/2021.3.0/include
 /Library/Developer/CommandLineTools/usr/bin/../include/c++/v1
 /Library/Developer/CommandLineTools/usr/lib/clang/11.0.0/include
 /Library/Developer/CommandLineTools/usr/include
 /Library/Developer/CommandLineTools/SDKs/MacOSX10.15.sdk/usr/include
 /Library/Developer/CommandLineTools/SDKs/MacOSX10.15.sdk/System/Library/Frameworks (framework directory)
End of search list.
Linking CXX executable cmTC_2068f
/Applications/CLion.app/Contents/bin/cmake/mac/bin/cmake -E cmake_link_script CMakeFiles/cmTC_2068f.dir/link.txt --verbose=1
/Library/Developer/CommandLineTools/usr/bin/c++  -isysroot /Library/Developer/CommandLineTools/SDKs/MacOSX10.15.sdk -Wl,-search_paths_first -Wl,-headerpad_max_install_names  -v -Wl,-v CMakeFiles/cmTC_2068f.dir/CMakeCXXCompilerABI.cpp.o -o cmTC_2068f 
Apple clang version 11.0.0 (clang-1100.0.33.16)
Target: x86_64-apple-darwin20.5.0
Thread model: posix
InstalledDir: /Library/Developer/CommandLineTools/usr/bin
 "/Library/Developer/CommandLineTools/usr/bin/ld" -demangle -lto_library /Library/Developer/CommandLineTools/usr/lib/libLTO.dylib -dynamic -arch x86_64 -macosx_version_min 10.15.0 -syslibroot /Library/Developer/CommandLineTools/SDKs/MacOSX10.15.sdk -o cmTC_2068f -search_paths_first -headerpad_max_install_names -v CMakeFiles/cmTC_2068f.dir/CMakeCXXCompilerABI.cpp.o -L/opt/intel/oneapi/tbb/2021.3.0/env/../lib -L/opt/intel/oneapi/mkl/2021.3.0/lib -L/opt/intel/oneapi/ippcp/2021.3.0/lib -L/opt/intel/oneapi/ipp/2021.3.0/lib -L/opt/intel/oneapi/dnnl/2021.3.0/cpu_iomp/lib -L/opt/intel/oneapi/dal/2021.3.0/lib -lc++ -lSystem /Library/Developer/CommandLineTools/usr/lib/clang/11.0.0/lib/darwin/libclang_rt.osx.a
@(#)PROGRAM:ld  PROJECT:ld64-530
BUILD 03:01:58 Nov 15 2019
configured to support archs: armv6 armv7 armv7s arm64 arm64e arm64_32 i386 x86_64 x86_64h armv6m armv7k armv7m armv7em
Library search paths:
	/opt/intel/oneapi/tbb/2021.3.0/lib
	/opt/intel/oneapi/mkl/2021.3.0/lib
	/opt/intel/oneapi/ippcp/2021.3.0/lib
	/opt/intel/oneapi/ipp/2021.3.0/lib
	/opt/intel/oneapi/dnnl/2021.3.0/cpu_iomp/lib
	/opt/intel/oneapi/dal/2021.3.0/lib
	/Library/Developer/CommandLineTools/SDKs/MacOSX10.15.sdk/usr/lib
Framework search paths:
	/Library/Developer/CommandLineTools/SDKs/MacOSX10.15.sdk/System/Library/Frameworks/



Parsed CXX implicit include dir info from above output: rv=done
  found start of include info
  found start of implicit include info
    add: [/opt/intel/oneapi/tbb/2021.3.0/env/../include]
    add: [/opt/intel/oneapi/mkl/2021.3.0/include]
    add: [/opt/intel/oneapi/ippcp/2021.3.0/include]
    add: [/opt/intel/oneapi/ipp/2021.3.0/include]
    add: [/opt/intel/oneapi/dnnl/2021.3.0/cpu_iomp/lib]
    add: [/opt/intel/oneapi/dev-utilities/2021.3.0/include]
    add: [/opt/intel/oneapi/dal/2021.3.0/include]
    add: [/Library/Developer/CommandLineTools/usr/bin/../include/c++/v1]
    add: [/Library/Developer/CommandLineTools/usr/lib/clang/11.0.0/include]
    add: [/Library/Developer/CommandLineTools/usr/include]
    add: [/Library/Developer/CommandLineTools/SDKs/MacOSX10.15.sdk/usr/include]
  end of search list found
  collapse include dir [/opt/intel/oneapi/tbb/2021.3.0/env/../include] ==> [/opt/intel/oneapi/tbb/2021.3.0/include]
  collapse include dir [/opt/intel/oneapi/mkl/2021.3.0/include] ==> [/opt/intel/oneapi/mkl/2021.3.0/include]
  collapse include dir [/opt/intel/oneapi/ippcp/2021.3.0/include] ==> [/opt/intel/oneapi/ippcp/2021.3.0/include]
  collapse include dir [/opt/intel/oneapi/ipp/2021.3.0/include] ==> [/opt/intel/oneapi/ipp/2021.3.0/include]
  collapse include dir [/opt/intel/oneapi/dnnl/2021.3.0/cpu_iomp/lib] ==> [/opt/intel/oneapi/dnnl/2021.3.0/cpu_iomp/lib]
  collapse include dir [/opt/intel/oneapi/dev-utilities/2021.3.0/include] ==> [/opt/intel/oneapi/dev-utilities/2021.3.0/include]
  collapse include dir [/opt/intel/oneapi/dal/2021.3.0/include] ==> [/opt/intel/oneapi/dal/2021.3.0/include]
  collapse include dir [/Library/Developer/CommandLineTools/usr/bin/../include/c++/v1] ==> [/Library/Developer/CommandLineTools/usr/include/c++/v1]
  collapse include dir [/Library/Developer/CommandLineTools/usr/lib/clang/11.0.0/include] ==> [/Library/Developer/CommandLineTools/usr/lib/clang/11.0.0/include]
  collapse include dir [/Library/Developer/CommandLineTools/usr/include] ==> [/Library/Developer/CommandLineTools/usr/include]
  collapse include dir [/Library/Developer/CommandLineTools/SDKs/MacOSX10.15.sdk/usr/include] ==> [/Library/Developer/CommandLineTools/SDKs/MacOSX10.15.sdk/usr/include]
  implicit include dirs: [/opt/intel/oneapi/tbb/2021.3.0/include;/opt/intel/oneapi/mkl/2021.3.0/include;/opt/intel/oneapi/ippcp/2021.3.0/include;/opt/intel/oneapi/ipp/2021.3.0/include;/opt/intel/oneapi/dnnl/2021.3.0/cpu_iomp/lib;/opt/intel/oneapi/dev-utilities/2021.3.0/include;/opt/intel/oneapi/dal/2021.3.0/include;/Library/Developer/CommandLineTools/usr/include/c++/v1;/Library/Developer/CommandLineTools/usr/lib/clang/11.0.0/include;/Library/Developer/CommandLineTools/usr/include;/Library/Developer/CommandLineTools/SDKs/MacOSX10.15.sdk/usr/include]


Parsed CXX implicit link information from above output:
  link line regex: [^( *|.*[/\])(ld|CMAKE_LINK_STARTFILE-NOTFOUND|([^/\]+-)?ld|collect2)[^/\]*( |$)]
  ignore line: [Change Dir: /Users/bhopro/Desktop/Berkeley/MSOL/Projects/initializeParticlesCPP/cmake-build-debug/CMakeFiles/CMakeTmp]
  ignore line: []
  ignore line: [Run Build Command(s):/usr/bin/make cmTC_2068f/fast && /Library/Developer/CommandLineTools/usr/bin/make  -f CMakeFiles/cmTC_2068f.dir/build.make CMakeFiles/cmTC_2068f.dir/build]
  ignore line: [Building CXX object CMakeFiles/cmTC_2068f.dir/CMakeCXXCompilerABI.cpp.o]
  ignore line: [/Library/Developer/CommandLineTools/usr/bin/c++   -isysroot /Library/Developer/CommandLineTools/SDKs/MacOSX10.15.sdk   -v -Wl -v -o CMakeFiles/cmTC_2068f.dir/CMakeCXXCompilerABI.cpp.o -c /Applications/CLion.app/Contents/bin/cmake/mac/share/cmake-3.19/Modules/CMakeCXXCompilerABI.cpp]
  ignore line: [Apple clang version 11.0.0 (clang-1100.0.33.16)]
  ignore line: [Target: x86_64-apple-darwin20.5.0]
  ignore line: [Thread model: posix]
  ignore line: [InstalledDir: /Library/Developer/CommandLineTools/usr/bin]
  ignore line: [clang: warning: -Wl -v: 'linker' input unused [-Wunused-command-line-argument]]
  ignore line: [ "/Library/Developer/CommandLineTools/usr/bin/clang" -cc1 -triple x86_64-apple-macosx10.15.0 -Wdeprecated-objc-isa-usage -Werror=deprecated-objc-isa-usage -emit-obj -mrelax-all -disable-free -disable-llvm-verifier -discard-value-names -main-file-name CMakeCXXCompilerABI.cpp -mrelocation-model pic -pic-level 2 -mthread-model posix -mdisable-fp-elim -fno-strict-return -masm-verbose -munwind-tables -target-sdk-version=10.15 -target-cpu penryn -dwarf-column-info -debugger-tuning=lldb -ggnu-pubnames -target-linker-version 530 -v -coverage-notes-file /Users/bhopro/Desktop/Berkeley/MSOL/Projects/initializeParticlesCPP/cmake-build-debug/CMakeFiles/CMakeTmp/CMakeFiles/cmTC_2068f.dir/CMakeCXXCompilerABI.cpp.gcno -resource-dir /Library/Developer/CommandLineTools/usr/lib/clang/11.0.0 -isysroot /Library/Developer/CommandLineTools/SDKs/MacOSX10.15.sdk -I/opt/intel/oneapi/tbb/2021.3.0/env/../include -I/opt/intel/oneapi/mkl/2021.3.0/include -I/opt/intel/oneapi/ippcp/2021.3.0/include -I/opt/intel/oneapi/ipp/2021.3.0/include -I/opt/intel/oneapi/dnnl/2021.3.0/cpu_iomp/lib -I/opt/intel/oneapi/dev-utilities/2021.3.0/include -I/opt/intel/oneapi/dal/2021.3.0/include -stdlib=libc++ -internal-isystem /Library/Developer/CommandLineTools/usr/bin/../include/c++/v1 -Wno-framework-include-private-from-public -Wno-atimport-in-framework-header -Wno-extra-semi-stmt -Wno-quoted-include-in-framework-header -fdeprecated-macro -fdebug-compilation-dir /Users/bhopro/Desktop/Berkeley/MSOL/Projects/initializeParticlesCPP/cmake-build-debug/CMakeFiles/CMakeTmp -ferror-limit 19 -fmessage-length 0 -stack-protector 1 -fstack-check -mdarwin-stkchk-strong-link -fblocks -fencode-extended-block-signature -fregister-global-dtors-with-atexit -fobjc-runtime=macosx-10.15.0 -fcxx-exceptions -fexceptions -fmax-type-align=16 -fdiagnostics-show-option -o CMakeFiles/cmTC_2068f.dir/CMakeCXXCompilerABI.cpp.o -x c++ /Applications/CLion.app/Contents/bin/cmake/mac/share/cmake-3.19/Modules/CMakeCXXCompilerABI.cpp]
  ignore line: [clang -cc1 version 11.0.0 (clang-1100.0.33.16) default target x86_64-apple-darwin20.5.0]
  ignore line: [ignoring nonexistent directory "/Library/Developer/CommandLineTools/SDKs/MacOSX10.15.sdk/usr/include/c++/v1"]
  ignore line: [ignoring nonexistent directory "/Library/Developer/CommandLineTools/SDKs/MacOSX10.15.sdk/usr/local/include"]
  ignore line: [ignoring nonexistent directory "/Library/Developer/CommandLineTools/SDKs/MacOSX10.15.sdk/Library/Frameworks"]
  ignore line: [#include "..." search starts here:]
  ignore line: [#include <...> search starts here:]
  ignore line: [ /opt/intel/oneapi/tbb/2021.3.0/env/../include]
  ignore line: [ /opt/intel/oneapi/mkl/2021.3.0/include]
  ignore line: [ /opt/intel/oneapi/ippcp/2021.3.0/include]
  ignore line: [ /opt/intel/oneapi/ipp/2021.3.0/include]
  ignore line: [ /opt/intel/oneapi/dnnl/2021.3.0/cpu_iomp/lib]
  ignore line: [ /opt/intel/oneapi/dev-utilities/2021.3.0/include]
  ignore line: [ /opt/intel/oneapi/dal/2021.3.0/include]
  ignore line: [ /Library/Developer/CommandLineTools/usr/bin/../include/c++/v1]
  ignore line: [ /Library/Developer/CommandLineTools/usr/lib/clang/11.0.0/include]
  ignore line: [ /Library/Developer/CommandLineTools/usr/include]
  ignore line: [ /Library/Developer/CommandLineTools/SDKs/MacOSX10.15.sdk/usr/include]
  ignore line: [ /Library/Developer/CommandLineTools/SDKs/MacOSX10.15.sdk/System/Library/Frameworks (framework directory)]
  ignore line: [End of search list.]
  ignore line: [Linking CXX executable cmTC_2068f]
  ignore line: [/Applications/CLion.app/Contents/bin/cmake/mac/bin/cmake -E cmake_link_script CMakeFiles/cmTC_2068f.dir/link.txt --verbose=1]
  ignore line: [/Library/Developer/CommandLineTools/usr/bin/c++  -isysroot /Library/Developer/CommandLineTools/SDKs/MacOSX10.15.sdk -Wl -search_paths_first -Wl -headerpad_max_install_names  -v -Wl -v CMakeFiles/cmTC_2068f.dir/CMakeCXXCompilerABI.cpp.o -o cmTC_2068f ]
  ignore line: [Apple clang version 11.0.0 (clang-1100.0.33.16)]
  ignore line: [Target: x86_64-apple-darwin20.5.0]
  ignore line: [Thread model: posix]
  ignore line: [InstalledDir: /Library/Developer/CommandLineTools/usr/bin]
  link line: [ "/Library/Developer/CommandLineTools/usr/bin/ld" -demangle -lto_library /Library/Developer/CommandLineTools/usr/lib/libLTO.dylib -dynamic -arch x86_64 -macosx_version_min 10.15.0 -syslibroot /Library/Developer/CommandLineTools/SDKs/MacOSX10.15.sdk -o cmTC_2068f -search_paths_first -headerpad_max_install_names -v CMakeFiles/cmTC_2068f.dir/CMakeCXXCompilerABI.cpp.o -L/opt/intel/oneapi/tbb/2021.3.0/env/../lib -L/opt/intel/oneapi/mkl/2021.3.0/lib -L/opt/intel/oneapi/ippcp/2021.3.0/lib -L/opt/intel/oneapi/ipp/2021.3.0/lib -L/opt/intel/oneapi/dnnl/2021.3.0/cpu_iomp/lib -L/opt/intel/oneapi/dal/2021.3.0/lib -lc++ -lSystem /Library/Developer/CommandLineTools/usr/lib/clang/11.0.0/lib/darwin/libclang_rt.osx.a]
    arg [/Library/Developer/CommandLineTools/usr/bin/ld] ==> ignore
    arg [-demangle] ==> ignore
    arg [-lto_library] ==> ignore, skip following value
    arg [/Library/Developer/CommandLineTools/usr/lib/libLTO.dylib] ==> skip value of -lto_library
    arg [-dynamic] ==> ignore
    arg [-arch] ==> ignore
    arg [x86_64] ==> ignore
    arg [-macosx_version_min] ==> ignore
    arg [10.15.0] ==> ignore
    arg [-syslibroot] ==> ignore
    arg [/Library/Developer/CommandLineTools/SDKs/MacOSX10.15.sdk] ==> ignore
    arg [-o] ==> ignore
    arg [cmTC_2068f] ==> ignore
    arg [-search_paths_first] ==> ignore
    arg [-headerpad_max_install_names] ==> ignore
    arg [-v] ==> ignore
    arg [CMakeFiles/cmTC_2068f.dir/CMakeCXXCompilerABI.cpp.o] ==> ignore
    arg [-L/opt/intel/oneapi/tbb/2021.3.0/env/../lib] ==> dir [/opt/intel/oneapi/tbb/2021.3.0/env/../lib]
    arg [-L/opt/intel/oneapi/mkl/2021.3.0/lib] ==> dir [/opt/intel/oneapi/mkl/2021.3.0/lib]
    arg [-L/opt/intel/oneapi/ippcp/2021.3.0/lib] ==> dir [/opt/intel/oneapi/ippcp/2021.3.0/lib]
    arg [-L/opt/intel/oneapi/ipp/2021.3.0/lib] ==> dir [/opt/intel/oneapi/ipp/2021.3.0/lib]
    arg [-L/opt/intel/oneapi/dnnl/2021.3.0/cpu_iomp/lib] ==> dir [/opt/intel/oneapi/dnnl/2021.3.0/cpu_iomp/lib]
    arg [-L/opt/intel/oneapi/dal/2021.3.0/lib] ==> dir [/opt/intel/oneapi/dal/2021.3.0/lib]
    arg [-lc++] ==> lib [c++]
    arg [-lSystem] ==> lib [System]
    arg [/Library/Developer/CommandLineTools/usr/lib/clang/11.0.0/lib/darwin/libclang_rt.osx.a] ==> lib [/Library/Developer/CommandLineTools/usr/lib/clang/11.0.0/lib/darwin/libclang_rt.osx.a]
  Library search paths: [;/opt/intel/oneapi/tbb/2021.3.0/lib;/opt/intel/oneapi/mkl/2021.3.0/lib;/opt/intel/oneapi/ippcp/2021.3.0/lib;/opt/intel/oneapi/ipp/2021.3.0/lib;/opt/intel/oneapi/dnnl/2021.3.0/cpu_iomp/lib;/opt/intel/oneapi/dal/2021.3.0/lib;/Library/Developer/CommandLineTools/SDKs/MacOSX10.15.sdk/usr/lib]
  Framework search paths: [;/Library/Developer/CommandLineTools/SDKs/MacOSX10.15.sdk/System/Library/Frameworks/]
  remove lib [System]
  remove lib [/Library/Developer/CommandLineTools/usr/lib/clang/11.0.0/lib/darwin/libclang_rt.osx.a]
  collapse library dir [/opt/intel/oneapi/tbb/2021.3.0/env/../lib] ==> [/opt/intel/oneapi/tbb/2021.3.0/lib]
  collapse library dir [/opt/intel/oneapi/mkl/2021.3.0/lib] ==> [/opt/intel/oneapi/mkl/2021.3.0/lib]
  collapse library dir [/opt/intel/oneapi/ippcp/2021.3.0/lib] ==> [/opt/intel/oneapi/ippcp/2021.3.0/lib]
  collapse library dir [/opt/intel/oneapi/ipp/2021.3.0/lib] ==> [/opt/intel/oneapi/ipp/2021.3.0/lib]
  collapse library dir [/opt/intel/oneapi/dnnl/2021.3.0/cpu_iomp/lib] ==> [/opt/intel/oneapi/dnnl/2021.3.0/cpu_iomp/lib]
  collapse library dir [/opt/intel/oneapi/dal/2021.3.0/lib] ==> [/opt/intel/oneapi/dal/2021.3.0/lib]
  collapse library dir [/opt/intel/oneapi/tbb/2021.3.0/lib] ==> [/opt/intel/oneapi/tbb/2021.3.0/lib]
  collapse library dir [/opt/intel/oneapi/mkl/2021.3.0/lib] ==> [/opt/intel/oneapi/mkl/2021.3.0/lib]
  collapse library dir [/opt/intel/oneapi/ippcp/2021.3.0/lib] ==> [/opt/intel/oneapi/ippcp/2021.3.0/lib]
  collapse library dir [/opt/intel/oneapi/ipp/2021.3.0/lib] ==> [/opt/intel/oneapi/ipp/2021.3.0/lib]
  collapse library dir [/opt/intel/oneapi/dnnl/2021.3.0/cpu_iomp/lib] ==> [/opt/intel/oneapi/dnnl/2021.3.0/cpu_iomp/lib]
  collapse library dir [/opt/intel/oneapi/dal/2021.3.0/lib] ==> [/opt/intel/oneapi/dal/2021.3.0/lib]
  collapse library dir [/Library/Developer/CommandLineTools/SDKs/MacOSX10.15.sdk/usr/lib] ==> [/Library/Developer/CommandLineTools/SDKs/MacOSX10.15.sdk/usr/lib]
  collapse framework dir [/Library/Developer/CommandLineTools/SDKs/MacOSX10.15.sdk/System/Library/Frameworks/] ==> [/Library/Developer/CommandLineTools/SDKs/MacOSX10.15.sdk/System/Library/Frameworks]
  implicit libs: [c++]
  implicit dirs: [/opt/intel/oneapi/tbb/2021.3.0/lib;/opt/intel/oneapi/mkl/2021.3.0/lib;/opt/intel/oneapi/ippcp/2021.3.0/lib;/opt/intel/oneapi/ipp/2021.3.0/lib;/opt/intel/oneapi/dnnl/2021.3.0/cpu_iomp/lib;/opt/intel/oneapi/dal/2021.3.0/lib;/Library/Developer/CommandLineTools/SDKs/MacOSX10.15.sdk/usr/lib]
  implicit fwks: [/Library/Developer/CommandLineTools/SDKs/MacOSX10.15.sdk/System/Library/Frameworks]


